draco@dracowin:~/code/turbalance-scheduler-task$ ./deploy_and_run_demo.sh
[STEP]  1/7 Deleting any existing minikube cluster...
* Deleting "minikube" in docker ...
* Removing /home/draco/.minikube/machines/minikube ...
* Removing /home/draco/.minikube/machines/minikube-m02 ...
* Removed all traces of the "minikube" cluster.
* Successfully deleted all profiles
[INFO]  Clean slate.
[STEP]  2/7 Starting minikube with 2 nodes (2 GB memory each, docker driver)...
😄  minikube v1.34.0 on Ubuntu 24.04 (kvm/amd64)
✨  Using the docker driver based on user configuration
📌  Using Docker driver with root privileges
👍  Starting "minikube" primary control-plane node in "minikube" cluster
🚜  Pulling base image v0.0.45 ...
🔥  Creating docker container (CPUs=2, Memory=2048MB) ...
🐳  Preparing Kubernetes v1.31.0 on Docker 27.2.0 ...
    ▪ Generating certificates and keys ...
    ▪ Booting up control plane ...
    ▪ Configuring RBAC rules ...
🔗  Configuring CNI (Container Networking Interface) ...
🔎  Verifying Kubernetes components...
    ▪ Using image gcr.io/k8s-minikube/storage-provisioner:v5
🌟  Enabled addons: storage-provisioner, default-storageclass

👍  Starting "minikube-m02" worker node in "minikube" cluster
🚜  Pulling base image v0.0.45 ...
🔥  Creating docker container (CPUs=2, Memory=2048MB) ...
🌐  Found network options:
    ▪ NO_PROXY=192.168.49.2
🐳  Preparing Kubernetes v1.31.0 on Docker 27.2.0 ...
    ▪ env NO_PROXY=192.168.49.2
🔎  Verifying Kubernetes components...
🏄  Done! kubectl is now configured to use "minikube" cluster and "default" namespace by default
[INFO]  Waiting for both nodes to be Ready...
NAME           STATUS   ROLES           AGE   VERSION
minikube       Ready    control-plane   27s   v1.31.0
minikube-m02   Ready    <none>          1s    v1.31.0
[INFO]  Both nodes are Ready.
[STEP]  3/7 Building custom-scheduler Docker image and loading into minikube...
[+] Building 7.5s (9/9) FINISHED                                                                                                                docker:default
 => [internal] load build definition from Dockerfile                                                                                                      0.0s
 => => transferring dockerfile: 171B                                                                                                                      0.0s
 => [internal] load metadata for docker.io/library/python:3.11-slim                                                                                       0.8s
 => [internal] load .dockerignore                                                                                                                         0.1s
 => => transferring context: 2B                                                                                                                           0.0s
 => [1/4] FROM docker.io/library/python:3.11-slim@sha256:0b23cfb7425d065008b778022a17b1551c82f8b4866ee5a7a200084b7e2eafbf                                 0.0s
 => [internal] load build context                                                                                                                         0.0s
 => => transferring context: 7.05kB                                                                                                                       0.0s
 => CACHED [2/4] WORKDIR /app                                                                                                                             0.0s
 => [3/4] COPY src/scheduler.py .                                                                                                                         0.1s
 => [4/4] RUN pip install --no-cache-dir kubernetes                                                                                                       5.8s
 => exporting to image                                                                                                                                    0.5s
 => => exporting layers                                                                                                                                   0.4s
 => => writing image sha256:54a8cd55071806e46f68f2cf4bef730c88ee6c878d04eace2c66d28c431ac281                                                              0.0s
 => => naming to docker.io/library/custom-scheduler:latest                                                                                                0.0s
[INFO]  Image built and loaded into minikube.
[STEP]  4/7 Deploying RBAC resources...
serviceaccount/custom-scheduler-sa created
clusterrole.rbac.authorization.k8s.io/custom-scheduler-role created
clusterrolebinding.rbac.authorization.k8s.io/custom-scheduler-rolebinding created
[INFO]  RBAC applied.
[STEP]  5/7 Deploying custom scheduler...
deployment.apps/custom-scheduler created
[INFO]  Waiting for scheduler pod to be Running...
[INFO]  Custom scheduler is Running.
[STEP]  6/7 Deploying pod1, pod2, pod3 sequentially...
[INFO]  Deploying pod1 (600Mi request)...
pod/pod1 created
[INFO]  Deploying pod2 (800Mi request)...
pod/pod2 created
[INFO]  Deploying pod3 (600Mi request)...
pod/pod3 created
[INFO]  Waiting for all pods to be Running...
[INFO]  All pods deployed.
[STEP]  7/7 Verification

========================================
  Pod Placement
========================================
NAME   READY   STATUS    RESTARTS   AGE   IP           NODE           NOMINATED NODE   READINESS GATES
pod1   1/1     Running   0          16s   10.244.0.3   minikube       <none>           <none>
pod2   1/1     Running   0          11s   10.244.1.3   minikube-m02   <none>           <none>
pod3   1/1     Running   0          6s    10.244.0.4   minikube       <none>           <none>

========================================
  Node Resource Summary
========================================
--- minikube ---
Allocated resources:
  (Total limits may be over 100 percent, i.e., overcommitted.)
  Resource           Requests     Limits
  --------           --------     ------
  cpu                850m (7%)    100m (0%)
  memory             1420Mi (4%)  2620Mi (8%)
  ephemeral-storage  0 (0%)       0 (0%)

--- minikube-m02 ---
Allocated resources:
  (Total limits may be over 100 percent, i.e., overcommitted.)
  Resource           Requests    Limits
  --------           --------    ------
  cpu                100m (0%)   100m (0%)
  memory             850Mi (2%)  1250Mi (3%)
  ephemeral-storage  0 (0%)      0 (0%)

========================================
  Custom Scheduler Logs
========================================
2026-02-24 20:16:54,385 INFO Assigning pod pod1 with memory request 629145600.0:
2026-02-24 20:16:54,385 INFO Optimal node for pod pod1: minikube
2026-02-24 20:16:59,553 INFO Assigning pod pod2 with memory request 838860800.0:
2026-02-24 20:16:59,553 INFO Optimal node for pod pod2: minikube-m02
2026-02-24 20:17:04,723 INFO Assigning pod pod3 with memory request 629145600.0:
2026-02-24 20:17:04,724 INFO Optimal node for pod pod3: minikube

========================================
  Scheduler Algorithm Explanation
========================================
The custom scheduler (scheduler.py) implements a least-requested-memory
load-balancing strategy:

1. It watches for Pending pods whose schedulerName is "custom-scheduler".
2. For each such pod, it queries all pods in the default namespace and
   sums up the memory requests already assigned to each node.
3. It iterates over all Ready nodes and selects the node with the LOWEST
   total requested memory, provided that adding the new pod's request
   does not exceed the per-node limit (NODE_MEM_LIMIT_MB = 2048 MB).
4. If no node can fit the pod, it skips and retries on the next event.

Expected placement with 2 nodes (2048 Mi each):
  - pod1 (600Mi) -> minikube       (both nodes at 0; first in iteration)
  - pod2 (800Mi) -> minikube-m02   (0 < 600, picks least loaded)
  - pod3 (600Mi) -> minikube       (600 < 800, picks least loaded)

Result: minikube = 1200Mi, minikube-m02 = 800Mi
This spreads memory across nodes, reducing the risk that any single node
becomes overcommitted and OOM-kills pods.
[INFO]  Done! Verify the pod placement above matches the expected output.